have_library: checking for Hunspell_create() in -lhunspell-1.7... -------------------- no

"gcc -o conftest -I/home/mariochase/.rbenv/versions/2.7.0/include/ruby-2.7.0/x86_64-linux -I/home/mariochase/.rbenv/versions/2.7.0/include/ruby-2.7.0/ruby/backward -I/home/mariochase/.rbenv/versions/2.7.0/include/ruby-2.7.0 -I. -I/usr/local/include -I/usr/include -I/home/mariochase/.rbenv/versions/2.7.0/include    -O3 -ggdb3 -Wall -Wextra -Wdeprecated-declarations -Wduplicated-cond -Wimplicit-function-declaration -Wimplicit-int -Wmisleading-indentation -Wpointer-arith -Wwrite-strings -Wimplicit-fallthrough=0 -Wmissing-noreturn -Wno-cast-function-type -Wno-constant-logical-operand -Wno-long-long -Wno-missing-field-initializers -Wno-overlength-strings -Wno-packed-bitfield-compat -Wno-parentheses-equality -Wno-self-assign -Wno-tautological-compare -Wno-unused-parameter -Wno-unused-value -Wsuggest-attribute=format -Wsuggest-attribute=noreturn -Wunused-variable  -fPIC conftest.c  -L. -L/home/mariochase/.rbenv/versions/2.7.0/lib -Wl,-rpath,/home/mariochase/.rbenv/versions/2.7.0/lib -L/usr/local/lib -Wl,-rpath,/usr/local/lib -L/home/mariochase/.rbenv/versions/2.7.0/lib -Wl,-rpath,/home/mariochase/.rbenv/versions/2.7.0/lib -L/usr/lib -Wl,-rpath,/usr/lib -L. -L/home/mariochase/.rbenv/versions/2.7.0/lib  -fstack-protector-strong -rdynamic -Wl,-export-dynamic     -Wl,-rpath,/home/mariochase/.rbenv/versions/2.7.0/lib -L/home/mariochase/.rbenv/versions/2.7.0/lib -lruby  -lm   -lc"
checked program was:
/* begin */
1: #include "ruby.h"
2: 
3: int main(int argc, char **argv)
4: {
5:   return !!argv[argc];
6: }
/* end */

"gcc -o conftest -I/home/mariochase/.rbenv/versions/2.7.0/include/ruby-2.7.0/x86_64-linux -I/home/mariochase/.rbenv/versions/2.7.0/include/ruby-2.7.0/ruby/backward -I/home/mariochase/.rbenv/versions/2.7.0/include/ruby-2.7.0 -I. -I/usr/local/include -I/usr/include -I/home/mariochase/.rbenv/versions/2.7.0/include    -O3 -ggdb3 -Wall -Wextra -Wdeprecated-declarations -Wduplicated-cond -Wimplicit-function-declaration -Wimplicit-int -Wmisleading-indentation -Wpointer-arith -Wwrite-strings -Wimplicit-fallthrough=0 -Wmissing-noreturn -Wno-cast-function-type -Wno-constant-logical-operand -Wno-long-long -Wno-missing-field-initializers -Wno-overlength-strings -Wno-packed-bitfield-compat -Wno-parentheses-equality -Wno-self-assign -Wno-tautological-compare -Wno-unused-parameter -Wno-unused-value -Wsuggest-attribute=format -Wsuggest-attribute=noreturn -Wunused-variable  -fPIC conftest.c  -L. -L/home/mariochase/.rbenv/versions/2.7.0/lib -Wl,-rpath,/home/mariochase/.rbenv/versions/2.7.0/lib -L/usr/local/lib -Wl,-rpath,/usr/local/lib -L/home/mariochase/.rbenv/versions/2.7.0/lib -Wl,-rpath,/home/mariochase/.rbenv/versions/2.7.0/lib -L/usr/lib -Wl,-rpath,/usr/lib -L. -L/home/mariochase/.rbenv/versions/2.7.0/lib  -fstack-protector-strong -rdynamic -Wl,-export-dynamic     -Wl,-rpath,/home/mariochase/.rbenv/versions/2.7.0/lib -L/home/mariochase/.rbenv/versions/2.7.0/lib -lruby -lhunspell-1.7  -lm   -lc"
conftest.c:3:10: fatal error: hunspell/hunspell.h: No such file or directory
    3 | #include <hunspell/hunspell.h>
      |          ^~~~~~~~~~~~~~~~~~~~~
compilation terminated.
checked program was:
/* begin */
 1: #include "ruby.h"
 2: 
 3: #include <hunspell/hunspell.h>
 4: 
 5: /*top*/
 6: extern int t(void);
 7: int main(int argc, char **argv)
 8: {
 9:   if (argc > 1000000) {
10:     int (* volatile tp)(void)=(int (*)(void))&t;
11:     printf("%d", (*tp)());
12:   }
13: 
14:   return !!argv[argc];
15: }
16: int t(void) { void ((*volatile p)()); p = (void ((*)()))Hunspell_create; return !p; }
/* end */

"gcc -o conftest -I/home/mariochase/.rbenv/versions/2.7.0/include/ruby-2.7.0/x86_64-linux -I/home/mariochase/.rbenv/versions/2.7.0/include/ruby-2.7.0/ruby/backward -I/home/mariochase/.rbenv/versions/2.7.0/include/ruby-2.7.0 -I. -I/usr/local/include -I/usr/include -I/home/mariochase/.rbenv/versions/2.7.0/include    -O3 -ggdb3 -Wall -Wextra -Wdeprecated-declarations -Wduplicated-cond -Wimplicit-function-declaration -Wimplicit-int -Wmisleading-indentation -Wpointer-arith -Wwrite-strings -Wimplicit-fallthrough=0 -Wmissing-noreturn -Wno-cast-function-type -Wno-constant-logical-operand -Wno-long-long -Wno-missing-field-initializers -Wno-overlength-strings -Wno-packed-bitfield-compat -Wno-parentheses-equality -Wno-self-assign -Wno-tautological-compare -Wno-unused-parameter -Wno-unused-value -Wsuggest-attribute=format -Wsuggest-attribute=noreturn -Wunused-variable  -fPIC conftest.c  -L. -L/home/mariochase/.rbenv/versions/2.7.0/lib -Wl,-rpath,/home/mariochase/.rbenv/versions/2.7.0/lib -L/usr/local/lib -Wl,-rpath,/usr/local/lib -L/home/mariochase/.rbenv/versions/2.7.0/lib -Wl,-rpath,/home/mariochase/.rbenv/versions/2.7.0/lib -L/usr/lib -Wl,-rpath,/usr/lib -L. -L/home/mariochase/.rbenv/versions/2.7.0/lib  -fstack-protector-strong -rdynamic -Wl,-export-dynamic     -Wl,-rpath,/home/mariochase/.rbenv/versions/2.7.0/lib -L/home/mariochase/.rbenv/versions/2.7.0/lib -lruby -lhunspell-1.7  -lm   -lc"
conftest.c:3:10: fatal error: hunspell/hunspell.h: No such file or directory
    3 | #include <hunspell/hunspell.h>
      |          ^~~~~~~~~~~~~~~~~~~~~
compilation terminated.
checked program was:
/* begin */
 1: #include "ruby.h"
 2: 
 3: #include <hunspell/hunspell.h>
 4: 
 5: /*top*/
 6: extern int t(void);
 7: int main(int argc, char **argv)
 8: {
 9:   if (argc > 1000000) {
10:     int (* volatile tp)(void)=(int (*)(void))&t;
11:     printf("%d", (*tp)());
12:   }
13: 
14:   return !!argv[argc];
15: }
16: extern void Hunspell_create();
17: int t(void) { Hunspell_create(); return 0; }
/* end */

--------------------

have_library: checking for Hunspell_create() in -lhunspell-1.6... -------------------- no

"gcc -o conftest -I/home/mariochase/.rbenv/versions/2.7.0/include/ruby-2.7.0/x86_64-linux -I/home/mariochase/.rbenv/versions/2.7.0/include/ruby-2.7.0/ruby/backward -I/home/mariochase/.rbenv/versions/2.7.0/include/ruby-2.7.0 -I. -I/usr/local/include -I/usr/include -I/home/mariochase/.rbenv/versions/2.7.0/include    -O3 -ggdb3 -Wall -Wextra -Wdeprecated-declarations -Wduplicated-cond -Wimplicit-function-declaration -Wimplicit-int -Wmisleading-indentation -Wpointer-arith -Wwrite-strings -Wimplicit-fallthrough=0 -Wmissing-noreturn -Wno-cast-function-type -Wno-constant-logical-operand -Wno-long-long -Wno-missing-field-initializers -Wno-overlength-strings -Wno-packed-bitfield-compat -Wno-parentheses-equality -Wno-self-assign -Wno-tautological-compare -Wno-unused-parameter -Wno-unused-value -Wsuggest-attribute=format -Wsuggest-attribute=noreturn -Wunused-variable  -fPIC conftest.c  -L. -L/home/mariochase/.rbenv/versions/2.7.0/lib -Wl,-rpath,/home/mariochase/.rbenv/versions/2.7.0/lib -L/usr/local/lib -Wl,-rpath,/usr/local/lib -L/home/mariochase/.rbenv/versions/2.7.0/lib -Wl,-rpath,/home/mariochase/.rbenv/versions/2.7.0/lib -L/usr/lib -Wl,-rpath,/usr/lib -L. -L/home/mariochase/.rbenv/versions/2.7.0/lib  -fstack-protector-strong -rdynamic -Wl,-export-dynamic     -Wl,-rpath,/home/mariochase/.rbenv/versions/2.7.0/lib -L/home/mariochase/.rbenv/versions/2.7.0/lib -lruby -lhunspell-1.6  -lm   -lc"
conftest.c:3:10: fatal error: hunspell/hunspell.h: No such file or directory
    3 | #include <hunspell/hunspell.h>
      |          ^~~~~~~~~~~~~~~~~~~~~
compilation terminated.
checked program was:
/* begin */
 1: #include "ruby.h"
 2: 
 3: #include <hunspell/hunspell.h>
 4: 
 5: /*top*/
 6: extern int t(void);
 7: int main(int argc, char **argv)
 8: {
 9:   if (argc > 1000000) {
10:     int (* volatile tp)(void)=(int (*)(void))&t;
11:     printf("%d", (*tp)());
12:   }
13: 
14:   return !!argv[argc];
15: }
16: int t(void) { void ((*volatile p)()); p = (void ((*)()))Hunspell_create; return !p; }
/* end */

"gcc -o conftest -I/home/mariochase/.rbenv/versions/2.7.0/include/ruby-2.7.0/x86_64-linux -I/home/mariochase/.rbenv/versions/2.7.0/include/ruby-2.7.0/ruby/backward -I/home/mariochase/.rbenv/versions/2.7.0/include/ruby-2.7.0 -I. -I/usr/local/include -I/usr/include -I/home/mariochase/.rbenv/versions/2.7.0/include    -O3 -ggdb3 -Wall -Wextra -Wdeprecated-declarations -Wduplicated-cond -Wimplicit-function-declaration -Wimplicit-int -Wmisleading-indentation -Wpointer-arith -Wwrite-strings -Wimplicit-fallthrough=0 -Wmissing-noreturn -Wno-cast-function-type -Wno-constant-logical-operand -Wno-long-long -Wno-missing-field-initializers -Wno-overlength-strings -Wno-packed-bitfield-compat -Wno-parentheses-equality -Wno-self-assign -Wno-tautological-compare -Wno-unused-parameter -Wno-unused-value -Wsuggest-attribute=format -Wsuggest-attribute=noreturn -Wunused-variable  -fPIC conftest.c  -L. -L/home/mariochase/.rbenv/versions/2.7.0/lib -Wl,-rpath,/home/mariochase/.rbenv/versions/2.7.0/lib -L/usr/local/lib -Wl,-rpath,/usr/local/lib -L/home/mariochase/.rbenv/versions/2.7.0/lib -Wl,-rpath,/home/mariochase/.rbenv/versions/2.7.0/lib -L/usr/lib -Wl,-rpath,/usr/lib -L. -L/home/mariochase/.rbenv/versions/2.7.0/lib  -fstack-protector-strong -rdynamic -Wl,-export-dynamic     -Wl,-rpath,/home/mariochase/.rbenv/versions/2.7.0/lib -L/home/mariochase/.rbenv/versions/2.7.0/lib -lruby -lhunspell-1.6  -lm   -lc"
conftest.c:3:10: fatal error: hunspell/hunspell.h: No such file or directory
    3 | #include <hunspell/hunspell.h>
      |          ^~~~~~~~~~~~~~~~~~~~~
compilation terminated.
checked program was:
/* begin */
 1: #include "ruby.h"
 2: 
 3: #include <hunspell/hunspell.h>
 4: 
 5: /*top*/
 6: extern int t(void);
 7: int main(int argc, char **argv)
 8: {
 9:   if (argc > 1000000) {
10:     int (* volatile tp)(void)=(int (*)(void))&t;
11:     printf("%d", (*tp)());
12:   }
13: 
14:   return !!argv[argc];
15: }
16: extern void Hunspell_create();
17: int t(void) { Hunspell_create(); return 0; }
/* end */

--------------------

have_library: checking for Hunspell_create() in -lhunspell-1.5... -------------------- no

"gcc -o conftest -I/home/mariochase/.rbenv/versions/2.7.0/include/ruby-2.7.0/x86_64-linux -I/home/mariochase/.rbenv/versions/2.7.0/include/ruby-2.7.0/ruby/backward -I/home/mariochase/.rbenv/versions/2.7.0/include/ruby-2.7.0 -I. -I/usr/local/include -I/usr/include -I/home/mariochase/.rbenv/versions/2.7.0/include    -O3 -ggdb3 -Wall -Wextra -Wdeprecated-declarations -Wduplicated-cond -Wimplicit-function-declaration -Wimplicit-int -Wmisleading-indentation -Wpointer-arith -Wwrite-strings -Wimplicit-fallthrough=0 -Wmissing-noreturn -Wno-cast-function-type -Wno-constant-logical-operand -Wno-long-long -Wno-missing-field-initializers -Wno-overlength-strings -Wno-packed-bitfield-compat -Wno-parentheses-equality -Wno-self-assign -Wno-tautological-compare -Wno-unused-parameter -Wno-unused-value -Wsuggest-attribute=format -Wsuggest-attribute=noreturn -Wunused-variable  -fPIC conftest.c  -L. -L/home/mariochase/.rbenv/versions/2.7.0/lib -Wl,-rpath,/home/mariochase/.rbenv/versions/2.7.0/lib -L/usr/local/lib -Wl,-rpath,/usr/local/lib -L/home/mariochase/.rbenv/versions/2.7.0/lib -Wl,-rpath,/home/mariochase/.rbenv/versions/2.7.0/lib -L/usr/lib -Wl,-rpath,/usr/lib -L. -L/home/mariochase/.rbenv/versions/2.7.0/lib  -fstack-protector-strong -rdynamic -Wl,-export-dynamic     -Wl,-rpath,/home/mariochase/.rbenv/versions/2.7.0/lib -L/home/mariochase/.rbenv/versions/2.7.0/lib -lruby -lhunspell-1.5  -lm   -lc"
conftest.c:3:10: fatal error: hunspell/hunspell.h: No such file or directory
    3 | #include <hunspell/hunspell.h>
      |          ^~~~~~~~~~~~~~~~~~~~~
compilation terminated.
checked program was:
/* begin */
 1: #include "ruby.h"
 2: 
 3: #include <hunspell/hunspell.h>
 4: 
 5: /*top*/
 6: extern int t(void);
 7: int main(int argc, char **argv)
 8: {
 9:   if (argc > 1000000) {
10:     int (* volatile tp)(void)=(int (*)(void))&t;
11:     printf("%d", (*tp)());
12:   }
13: 
14:   return !!argv[argc];
15: }
16: int t(void) { void ((*volatile p)()); p = (void ((*)()))Hunspell_create; return !p; }
/* end */

"gcc -o conftest -I/home/mariochase/.rbenv/versions/2.7.0/include/ruby-2.7.0/x86_64-linux -I/home/mariochase/.rbenv/versions/2.7.0/include/ruby-2.7.0/ruby/backward -I/home/mariochase/.rbenv/versions/2.7.0/include/ruby-2.7.0 -I. -I/usr/local/include -I/usr/include -I/home/mariochase/.rbenv/versions/2.7.0/include    -O3 -ggdb3 -Wall -Wextra -Wdeprecated-declarations -Wduplicated-cond -Wimplicit-function-declaration -Wimplicit-int -Wmisleading-indentation -Wpointer-arith -Wwrite-strings -Wimplicit-fallthrough=0 -Wmissing-noreturn -Wno-cast-function-type -Wno-constant-logical-operand -Wno-long-long -Wno-missing-field-initializers -Wno-overlength-strings -Wno-packed-bitfield-compat -Wno-parentheses-equality -Wno-self-assign -Wno-tautological-compare -Wno-unused-parameter -Wno-unused-value -Wsuggest-attribute=format -Wsuggest-attribute=noreturn -Wunused-variable  -fPIC conftest.c  -L. -L/home/mariochase/.rbenv/versions/2.7.0/lib -Wl,-rpath,/home/mariochase/.rbenv/versions/2.7.0/lib -L/usr/local/lib -Wl,-rpath,/usr/local/lib -L/home/mariochase/.rbenv/versions/2.7.0/lib -Wl,-rpath,/home/mariochase/.rbenv/versions/2.7.0/lib -L/usr/lib -Wl,-rpath,/usr/lib -L. -L/home/mariochase/.rbenv/versions/2.7.0/lib  -fstack-protector-strong -rdynamic -Wl,-export-dynamic     -Wl,-rpath,/home/mariochase/.rbenv/versions/2.7.0/lib -L/home/mariochase/.rbenv/versions/2.7.0/lib -lruby -lhunspell-1.5  -lm   -lc"
conftest.c:3:10: fatal error: hunspell/hunspell.h: No such file or directory
    3 | #include <hunspell/hunspell.h>
      |          ^~~~~~~~~~~~~~~~~~~~~
compilation terminated.
checked program was:
/* begin */
 1: #include "ruby.h"
 2: 
 3: #include <hunspell/hunspell.h>
 4: 
 5: /*top*/
 6: extern int t(void);
 7: int main(int argc, char **argv)
 8: {
 9:   if (argc > 1000000) {
10:     int (* volatile tp)(void)=(int (*)(void))&t;
11:     printf("%d", (*tp)());
12:   }
13: 
14:   return !!argv[argc];
15: }
16: extern void Hunspell_create();
17: int t(void) { Hunspell_create(); return 0; }
/* end */

--------------------

have_library: checking for Hunspell_create() in -lhunspell-1.4... -------------------- no

"gcc -o conftest -I/home/mariochase/.rbenv/versions/2.7.0/include/ruby-2.7.0/x86_64-linux -I/home/mariochase/.rbenv/versions/2.7.0/include/ruby-2.7.0/ruby/backward -I/home/mariochase/.rbenv/versions/2.7.0/include/ruby-2.7.0 -I. -I/usr/local/include -I/usr/include -I/home/mariochase/.rbenv/versions/2.7.0/include    -O3 -ggdb3 -Wall -Wextra -Wdeprecated-declarations -Wduplicated-cond -Wimplicit-function-declaration -Wimplicit-int -Wmisleading-indentation -Wpointer-arith -Wwrite-strings -Wimplicit-fallthrough=0 -Wmissing-noreturn -Wno-cast-function-type -Wno-constant-logical-operand -Wno-long-long -Wno-missing-field-initializers -Wno-overlength-strings -Wno-packed-bitfield-compat -Wno-parentheses-equality -Wno-self-assign -Wno-tautological-compare -Wno-unused-parameter -Wno-unused-value -Wsuggest-attribute=format -Wsuggest-attribute=noreturn -Wunused-variable  -fPIC conftest.c  -L. -L/home/mariochase/.rbenv/versions/2.7.0/lib -Wl,-rpath,/home/mariochase/.rbenv/versions/2.7.0/lib -L/usr/local/lib -Wl,-rpath,/usr/local/lib -L/home/mariochase/.rbenv/versions/2.7.0/lib -Wl,-rpath,/home/mariochase/.rbenv/versions/2.7.0/lib -L/usr/lib -Wl,-rpath,/usr/lib -L. -L/home/mariochase/.rbenv/versions/2.7.0/lib  -fstack-protector-strong -rdynamic -Wl,-export-dynamic     -Wl,-rpath,/home/mariochase/.rbenv/versions/2.7.0/lib -L/home/mariochase/.rbenv/versions/2.7.0/lib -lruby -lhunspell-1.4  -lm   -lc"
conftest.c:3:10: fatal error: hunspell/hunspell.h: No such file or directory
    3 | #include <hunspell/hunspell.h>
      |          ^~~~~~~~~~~~~~~~~~~~~
compilation terminated.
checked program was:
/* begin */
 1: #include "ruby.h"
 2: 
 3: #include <hunspell/hunspell.h>
 4: 
 5: /*top*/
 6: extern int t(void);
 7: int main(int argc, char **argv)
 8: {
 9:   if (argc > 1000000) {
10:     int (* volatile tp)(void)=(int (*)(void))&t;
11:     printf("%d", (*tp)());
12:   }
13: 
14:   return !!argv[argc];
15: }
16: int t(void) { void ((*volatile p)()); p = (void ((*)()))Hunspell_create; return !p; }
/* end */

"gcc -o conftest -I/home/mariochase/.rbenv/versions/2.7.0/include/ruby-2.7.0/x86_64-linux -I/home/mariochase/.rbenv/versions/2.7.0/include/ruby-2.7.0/ruby/backward -I/home/mariochase/.rbenv/versions/2.7.0/include/ruby-2.7.0 -I. -I/usr/local/include -I/usr/include -I/home/mariochase/.rbenv/versions/2.7.0/include    -O3 -ggdb3 -Wall -Wextra -Wdeprecated-declarations -Wduplicated-cond -Wimplicit-function-declaration -Wimplicit-int -Wmisleading-indentation -Wpointer-arith -Wwrite-strings -Wimplicit-fallthrough=0 -Wmissing-noreturn -Wno-cast-function-type -Wno-constant-logical-operand -Wno-long-long -Wno-missing-field-initializers -Wno-overlength-strings -Wno-packed-bitfield-compat -Wno-parentheses-equality -Wno-self-assign -Wno-tautological-compare -Wno-unused-parameter -Wno-unused-value -Wsuggest-attribute=format -Wsuggest-attribute=noreturn -Wunused-variable  -fPIC conftest.c  -L. -L/home/mariochase/.rbenv/versions/2.7.0/lib -Wl,-rpath,/home/mariochase/.rbenv/versions/2.7.0/lib -L/usr/local/lib -Wl,-rpath,/usr/local/lib -L/home/mariochase/.rbenv/versions/2.7.0/lib -Wl,-rpath,/home/mariochase/.rbenv/versions/2.7.0/lib -L/usr/lib -Wl,-rpath,/usr/lib -L. -L/home/mariochase/.rbenv/versions/2.7.0/lib  -fstack-protector-strong -rdynamic -Wl,-export-dynamic     -Wl,-rpath,/home/mariochase/.rbenv/versions/2.7.0/lib -L/home/mariochase/.rbenv/versions/2.7.0/lib -lruby -lhunspell-1.4  -lm   -lc"
conftest.c:3:10: fatal error: hunspell/hunspell.h: No such file or directory
    3 | #include <hunspell/hunspell.h>
      |          ^~~~~~~~~~~~~~~~~~~~~
compilation terminated.
checked program was:
/* begin */
 1: #include "ruby.h"
 2: 
 3: #include <hunspell/hunspell.h>
 4: 
 5: /*top*/
 6: extern int t(void);
 7: int main(int argc, char **argv)
 8: {
 9:   if (argc > 1000000) {
10:     int (* volatile tp)(void)=(int (*)(void))&t;
11:     printf("%d", (*tp)());
12:   }
13: 
14:   return !!argv[argc];
15: }
16: extern void Hunspell_create();
17: int t(void) { Hunspell_create(); return 0; }
/* end */

--------------------

have_library: checking for Hunspell_create() in -lhunspell-1.3... -------------------- no

"gcc -o conftest -I/home/mariochase/.rbenv/versions/2.7.0/include/ruby-2.7.0/x86_64-linux -I/home/mariochase/.rbenv/versions/2.7.0/include/ruby-2.7.0/ruby/backward -I/home/mariochase/.rbenv/versions/2.7.0/include/ruby-2.7.0 -I. -I/usr/local/include -I/usr/include -I/home/mariochase/.rbenv/versions/2.7.0/include    -O3 -ggdb3 -Wall -Wextra -Wdeprecated-declarations -Wduplicated-cond -Wimplicit-function-declaration -Wimplicit-int -Wmisleading-indentation -Wpointer-arith -Wwrite-strings -Wimplicit-fallthrough=0 -Wmissing-noreturn -Wno-cast-function-type -Wno-constant-logical-operand -Wno-long-long -Wno-missing-field-initializers -Wno-overlength-strings -Wno-packed-bitfield-compat -Wno-parentheses-equality -Wno-self-assign -Wno-tautological-compare -Wno-unused-parameter -Wno-unused-value -Wsuggest-attribute=format -Wsuggest-attribute=noreturn -Wunused-variable  -fPIC conftest.c  -L. -L/home/mariochase/.rbenv/versions/2.7.0/lib -Wl,-rpath,/home/mariochase/.rbenv/versions/2.7.0/lib -L/usr/local/lib -Wl,-rpath,/usr/local/lib -L/home/mariochase/.rbenv/versions/2.7.0/lib -Wl,-rpath,/home/mariochase/.rbenv/versions/2.7.0/lib -L/usr/lib -Wl,-rpath,/usr/lib -L. -L/home/mariochase/.rbenv/versions/2.7.0/lib  -fstack-protector-strong -rdynamic -Wl,-export-dynamic     -Wl,-rpath,/home/mariochase/.rbenv/versions/2.7.0/lib -L/home/mariochase/.rbenv/versions/2.7.0/lib -lruby -lhunspell-1.3  -lm   -lc"
conftest.c:3:10: fatal error: hunspell/hunspell.h: No such file or directory
    3 | #include <hunspell/hunspell.h>
      |          ^~~~~~~~~~~~~~~~~~~~~
compilation terminated.
checked program was:
/* begin */
 1: #include "ruby.h"
 2: 
 3: #include <hunspell/hunspell.h>
 4: 
 5: /*top*/
 6: extern int t(void);
 7: int main(int argc, char **argv)
 8: {
 9:   if (argc > 1000000) {
10:     int (* volatile tp)(void)=(int (*)(void))&t;
11:     printf("%d", (*tp)());
12:   }
13: 
14:   return !!argv[argc];
15: }
16: int t(void) { void ((*volatile p)()); p = (void ((*)()))Hunspell_create; return !p; }
/* end */

"gcc -o conftest -I/home/mariochase/.rbenv/versions/2.7.0/include/ruby-2.7.0/x86_64-linux -I/home/mariochase/.rbenv/versions/2.7.0/include/ruby-2.7.0/ruby/backward -I/home/mariochase/.rbenv/versions/2.7.0/include/ruby-2.7.0 -I. -I/usr/local/include -I/usr/include -I/home/mariochase/.rbenv/versions/2.7.0/include    -O3 -ggdb3 -Wall -Wextra -Wdeprecated-declarations -Wduplicated-cond -Wimplicit-function-declaration -Wimplicit-int -Wmisleading-indentation -Wpointer-arith -Wwrite-strings -Wimplicit-fallthrough=0 -Wmissing-noreturn -Wno-cast-function-type -Wno-constant-logical-operand -Wno-long-long -Wno-missing-field-initializers -Wno-overlength-strings -Wno-packed-bitfield-compat -Wno-parentheses-equality -Wno-self-assign -Wno-tautological-compare -Wno-unused-parameter -Wno-unused-value -Wsuggest-attribute=format -Wsuggest-attribute=noreturn -Wunused-variable  -fPIC conftest.c  -L. -L/home/mariochase/.rbenv/versions/2.7.0/lib -Wl,-rpath,/home/mariochase/.rbenv/versions/2.7.0/lib -L/usr/local/lib -Wl,-rpath,/usr/local/lib -L/home/mariochase/.rbenv/versions/2.7.0/lib -Wl,-rpath,/home/mariochase/.rbenv/versions/2.7.0/lib -L/usr/lib -Wl,-rpath,/usr/lib -L. -L/home/mariochase/.rbenv/versions/2.7.0/lib  -fstack-protector-strong -rdynamic -Wl,-export-dynamic     -Wl,-rpath,/home/mariochase/.rbenv/versions/2.7.0/lib -L/home/mariochase/.rbenv/versions/2.7.0/lib -lruby -lhunspell-1.3  -lm   -lc"
conftest.c:3:10: fatal error: hunspell/hunspell.h: No such file or directory
    3 | #include <hunspell/hunspell.h>
      |          ^~~~~~~~~~~~~~~~~~~~~
compilation terminated.
checked program was:
/* begin */
 1: #include "ruby.h"
 2: 
 3: #include <hunspell/hunspell.h>
 4: 
 5: /*top*/
 6: extern int t(void);
 7: int main(int argc, char **argv)
 8: {
 9:   if (argc > 1000000) {
10:     int (* volatile tp)(void)=(int (*)(void))&t;
11:     printf("%d", (*tp)());
12:   }
13: 
14:   return !!argv[argc];
15: }
16: extern void Hunspell_create();
17: int t(void) { Hunspell_create(); return 0; }
/* end */

--------------------

